<?xml version="1.0" encoding="UTF-8"?>
<!-- Generated by org.testng.reporters.JUnitXMLReporter -->
<testsuite ignored="0" hostname="DESKTOP-SKC049P" failures="0" tests="11" name="Testing on edge" time="291.857" errors="0" timestamp="2025-01-12T19:05:07 IST">
  <testcase classname="packagemaven.Project_Maven.Test01" name="registration" time="9.597"/>
  <testcase classname="packagemaven.Project_Maven.Test02" name="login_to_amazon" time="6.595"/>
  <testcase classname="packagemaven.Project_Maven.Test04" name="verify_user_info_edit" time="18.99"/>
  <testcase classname="packagemaven.Project_Maven.Test05" name="login_to_amazon_search_a_product" time="13.769"/>
  <testcase classname="packagemaven.Project_Maven.Test06" name="verify_searching_with_filters_category_price_range" time="5.291"/>
  <testcase classname="packagemaven.Project_Maven.Test07" name="test_details_price_reviews_description" time="9.016"/>
  <testcase classname="packagemaven.Project_Maven.Test08" name="sort_by_price_low_to_high" time="8.267"/>
  <testcase classname="packagemaven.Project_Maven.Test09" name="Add_to_Wishlist_Add_to_Cart" time="53.806"/>
  <testcase classname="packagemaven.Project_Maven.Test10" name="check_update_quantities_remove_add_to_cart" time="46.437"/>
  <testcase classname="packagemaven.Project_Maven.Test14" name="give_five_star_rating" time="23.863"/>
  <testcase classname="packagemaven.Project_Maven.Test15" name="add_to_cart_without_login" time="19.465"/>
</testsuite> <!-- Testing on edge -->
