<?xml version="1.0" encoding="UTF-8"?>
<!-- Generated by org.testng.reporters.JUnitXMLReporter -->
<testsuite ignored="0" hostname="DESKTOP-SKC049P" failures="0" tests="5" name="Testing on firefox" time="96.386" errors="0" timestamp="2025-01-08T19:53:52 IST">
  <testcase classname="packagemaven.Project_Maven.Test1" name="registration" time="8.159"/>
  <testcase classname="packagemaven.Project_Maven.Test2" name="login_to_amazon" time="0.948">
    <skipped/>
  </testcase> <!-- login_to_amazon -->
  <testcase classname="packagemaven.Project_Maven.Test2" name="login_to_amazon" time="0.983">
    <skipped/>
  </testcase> <!-- login_to_amazon -->
  <testcase classname="packagemaven.Project_Maven.Test2" name="login_to_amazon" time="1.236">
    <skipped/>
  </testcase> <!-- login_to_amazon -->
  <testcase classname="packagemaven.Project_Maven.Test2" name="login_to_amazon" time="10.389"/>
</testsuite> <!-- Testing on firefox -->
