<?xml version="1.0" encoding="UTF-8"?>
<!-- Generated by org.testng.reporters.JUnitXMLReporter -->
<testsuite ignored="0" hostname="DESKTOP-SKC049P" failures="0" tests="25" name="Testing on chrome" time="681.858" errors="0" timestamp="2025-01-10T08:53:16 IST">
  <testcase classname="packagemaven.Project_Maven.Test01" name="registration" time="6.448">
    <skipped/>
  </testcase> <!-- registration -->
  <testcase classname="packagemaven.Project_Maven.Test01" name="registration" time="6.416">
    <skipped/>
  </testcase> <!-- registration -->
  <testcase classname="packagemaven.Project_Maven.Test01" name="registration" time="9.538"/>
  <testcase classname="packagemaven.Project_Maven.Test02" name="login_to_amazon" time="6.439">
    <skipped/>
  </testcase> <!-- login_to_amazon -->
  <testcase classname="packagemaven.Project_Maven.Test02" name="login_to_amazon" time="6.506">
    <skipped/>
  </testcase> <!-- login_to_amazon -->
  <testcase classname="packagemaven.Project_Maven.Test02" name="login_to_amazon" time="6.842">
    <skipped/>
  </testcase> <!-- login_to_amazon -->
  <testcase classname="packagemaven.Project_Maven.Test02" name="login_to_amazon" time="5.536"/>
  <testcase classname="packagemaven.Project_Maven.Test03" name="checkLoginFail" time="6.541">
    <skipped/>
  </testcase> <!-- checkLoginFail -->
  <testcase classname="packagemaven.Project_Maven.Test03" name="checkLoginFail" time="6.621">
    <skipped/>
  </testcase> <!-- checkLoginFail -->
  <testcase classname="packagemaven.Project_Maven.Test03" name="checkLoginFail" time="13.415"/>
  <testcase classname="packagemaven.Project_Maven.Test04" name="verify_user_info_edit" time="15.722"/>
  <testcase classname="packagemaven.Project_Maven.Test05" name="login_to_amazon_search_a_product" time="10.481"/>
  <testcase classname="packagemaven.Project_Maven.Test06" name="verify_searching_with_filters_category_price_range" time="5.178"/>
  <testcase classname="packagemaven.Project_Maven.Test07" name="test_details_price_reviews_description" time="10.998"/>
  <testcase classname="packagemaven.Project_Maven.Test08" name="sort_by_price_low_to_high" time="8.445"/>
  <testcase classname="packagemaven.Project_Maven.Test09" name="Add_to_Wishlist_Add_to_Cart" time="52.227"/>
  <testcase classname="packagemaven.Project_Maven.Test10" name="check_update_quantities_remove_add_to_cart" time="7.061">
    <skipped/>
  </testcase> <!-- check_update_quantities_remove_add_to_cart -->
  <testcase classname="packagemaven.Project_Maven.Test10" name="check_update_quantities_remove_add_to_cart" time="44.045"/>
  <testcase classname="packagemaven.Project_Maven.Test11" name="entirecheckoutprocess" time="101.066"/>
  <testcase classname="packagemaven.Project_Maven.Test12" name="verify_payment_method" time="84.949"/>
  <testcase classname="packagemaven.Project_Maven.Test13" name="apply_coupon_code" time="71.064"/>
  <testcase classname="packagemaven.Project_Maven.Test14" name="give_five_star_rating" time="6.668">
    <skipped/>
  </testcase> <!-- give_five_star_rating -->
  <testcase classname="packagemaven.Project_Maven.Test14" name="give_five_star_rating" time="6.612">
    <skipped/>
  </testcase> <!-- give_five_star_rating -->
  <testcase classname="packagemaven.Project_Maven.Test14" name="give_five_star_rating" time="20.747"/>
  <testcase classname="packagemaven.Project_Maven.Test15" name="add_to_cart_without_login" time="21.461"/>
</testsuite> <!-- Testing on chrome -->
