<?xml version="1.0" encoding="UTF-8"?>
<testsuite xmlns:xsi="http://www.w3.org/2001/XMLSchema-instance" xsi:noNamespaceSchemaLocation="https://maven.apache.org/surefire/maven-surefire-plugin/xsd/surefire-test-report.xsd" version="3.0.2" name="TestSuite" time="307.043" tests="11" errors="0" skipped="0" failures="0">
  <properties>
[...]
</properties>
  <testcase name="registration" classname="packagemaven.Project_Maven.Test01" time="9.496">
    <system-out><![CDATA[An unexpected error occurred: no such element: Unable to locate element: {"method":"xpath","selector":"//button[normalize-space()='Start Puzzle']"}
  (Session info: MicrosoftEdge=131.0.2903.146)
For documentation on this error, please visit: https://www.selenium.dev/documentation/webdriver/troubleshooting/errors#no-such-element-exception
Build info: version: '4.26.0', revision: '8ccf0219d7'
System info: os.name: 'Windows 11', os.arch: 'amd64', os.version: '10.0', java.version: '23'
Driver info: org.openqa.selenium.edge.EdgeDriver
Command: [83891e36dfd1017596ddece4e8185aca, findElement {using=xpath, value=//button[normalize-space()='Start Puzzle']}]
Capabilities {acceptInsecureCerts: false, browserName: MicrosoftEdge, browserVersion: 131.0.2903.146, fedcm:accounts: true, ms:edgeOptions: {debuggerAddress: localhost:51206}, msedge: {msedgedriverVersion: 131.0.2903.146 (99fcb90c1ee..., userDataDir: C:\Users\asus\AppData\Local...}, networkConnectionEnabled: false, pageLoadStrategy: normal, platformName: windows, proxy: Proxy(), se:cdp: ws://localhost:51206/devtoo..., se:cdpVersion: 131.0.2903.146, setWindowRect: true, strictFileInteractability: false, timeouts: {implicit: 0, pageLoad: 300000, script: 30000}, unhandledPromptBehavior: dismiss and notify, webauthn:extension:credBlob: true, webauthn:extension:largeBlob: true, webauthn:extension:minPinLength: true, webauthn:extension:prf: true, webauthn:virtualAuthenticators: true}
Session ID: 83891e36dfd1017596ddece4e8185aca
]]></system-out>
    <system-err><![CDATA[SLF4J: Failed to load class "org.slf4j.impl.StaticLoggerBinder".
SLF4J: Defaulting to no-operation (NOP) logger implementation
SLF4J: See http://www.slf4j.org/codes.html#StaticLoggerBinder for further details.
Jan 12, 2025 7:13:26 PM org.openqa.selenium.devtools.CdpVersionFinder findNearestMatch
WARNING: Unable to find an exact match for CDP version 131, returning the closest version; found: 130; Please update to a Selenium version that supports CDP version 131
ERROR StatusLogger Log4j2 could not find a logging implementation. Please add log4j-core to the classpath. Using SimpleLogger to log to the console...
]]></system-err>
  </testcase>
  <testcase name="login_to_amazon" classname="packagemaven.Project_Maven.Test02" time="6.597">
    <system-err><![CDATA[Jan 12, 2025 7:13:45 PM org.openqa.selenium.devtools.CdpVersionFinder findNearestMatch
WARNING: Unable to find an exact match for CDP version 131, returning the closest version; found: 130; Please update to a Selenium version that supports CDP version 131
]]></system-err>
  </testcase>
  <testcase name="verify_user_info_edit" classname="packagemaven.Project_Maven.Test04" time="18.346">
    <system-err><![CDATA[Jan 12, 2025 7:14:00 PM org.openqa.selenium.devtools.CdpVersionFinder findNearestMatch
WARNING: Unable to find an exact match for CDP version 131, returning the closest version; found: 130; Please update to a Selenium version that supports CDP version 131
]]></system-err>
  </testcase>
  <testcase name="login_to_amazon_search_a_product" classname="packagemaven.Project_Maven.Test05" time="13.171">
    <system-out><![CDATA[Amazon.in : samsung smartphone 2024
search result matched for the product
]]></system-out>
    <system-err><![CDATA[Jan 12, 2025 7:14:26 PM org.openqa.selenium.devtools.CdpVersionFinder findNearestMatch
WARNING: Unable to find an exact match for CDP version 131, returning the closest version; found: 130; Please update to a Selenium version that supports CDP version 131
]]></system-err>
  </testcase>
  <testcase name="verify_searching_with_filters_category_price_range" classname="packagemaven.Project_Maven.Test06" time="5.365">
    <system-out><![CDATA[number of jeans on webpage 71
Valid item: cool tech icy comfort travel edition denim jeans for men | 3 degree cooler | stretchable | anti odor |uv protactant | breathable | midrise | (availbale in plus sizes) |
Valid item: men jeans
Valid item: men's skinny fit jeans
Valid item: men jeans
Invalid item: jeans
Valid item: jeans for men || men jeans || stylish jeans for men || men jeans regular fit (q-01-03)
Valid item: men jeans || relaxed pants || denim baggy jeans
Valid item: men's relaxed fit jeans
Valid item: men's denim slim fit strechable jeans
Valid item: men jeans || jeans for men || men jeans pants || jeans pant for man (q-18-20)
Valid item: jeans for men || men jeans || men jeans pants || denim jeans (jeans-07)
Valid item: men's 512 slim tapered fit mid-rise jeans
Valid item: jeans for men || men jeans || men jeans pants || denim jeans (jeans-101)
Valid item: men's slim fit denim jeans stretchable
Valid item: men's skinny jeans
Valid item: jeans for men | men jeans | cargo jeans for men | jeans pant for men | baggy jeans for men | jeans for men loose fit | cotton jeans for men
Valid item: men slim fit solid mid rise jeans
Valid item: men's denim cotton oversized loose baggy fit jeans pants for men
Valid item: men's loose jeans || men's jeans pants || denim jeans || baggy jeans for men (jeans-06-07-08)
Valid item: women boot cut high rise stretchable denim jeans
Valid item: men skinny fit mid-rise jeans (stretchable)
Valid item: men's casual slim fit jeans
Valid item: men jeans | men jeans pants | denim jeans | baggy jeans for men | loose fit jeans for men | stylish jeans
Valid item: men's regular fit solid jeans stretchable
Valid item: men's regular fit jeans - mid-rise | cotton blend | stretchable fabric | classic 5 pocket styling
Valid item: men's slim jeans
Valid item: men's regular jeans
Valid item: 511 men's slim fit mid rise jeans
Valid item: men's regular fit jeans - mid-rise | cotton blend | stretchable fabric | classic 5 pocket styling
Valid item: men's wear regular fit stretch jeans denim pants coffee
Valid item: men's regular fit causal trouser (5170)
Invalid item: 
Valid item: men slim fit jeans || slim fit jeans for men || jogger slim fit jeans (slim fit jeans-11-12)
Valid item: men relaxed straight fit mid rise baggy light blue jeans, denim look101
Invalid item: apollo 13
Valid item: men's slim fit washed jeans stretchable
Valid item: men's 511 slim fit mid-rise stretchable jeans
Valid item: women's regular jeans
Valid item: 511 men's slim fit mid rise jeans
Valid item: men regular fit jeans
Valid item: men jeans || men jeans pants || denim jeans || baggy jeans for men || loose fit jeans for men
Valid item: men's tapered jeans
Valid item: hotlist men's essential cotton skinny jeans – where comfort meets modern style
Valid item: men's slim jeans
Valid item: men's slim fit washed jeans stretchable
Valid item: men regular fit jeans
Valid item: men's regular fit jeans
Valid item: men's stretchable stretchable formal pant trousers | stylish slim fit men's wear trousers for office or party | polycotton knitted fabric
Valid item: men's regular fit stretch jeans
Valid item: men's slim jeans
Valid item: men blue slim fit mildly distressed light fade stretchable jeans
Valid item: men jeans
Valid item: men's slim jeans
Valid item: men's relaxed jeans
Valid item: women's flared pull-on jeans - mid-rise| stretchable | enzyme wash | slant waistband | jeans for women
Valid item: jeans for men || men jeans || stylish jeans for men || men jeans regular fit (q-06-07)
Valid item: men's skinny jeans
Valid item: men's slim fit black stretch jeans
Valid item: men's regular jeans
Valid item: men's skinny fit jeans
Valid item: women's straight stretchable jeans
Valid item: men's slim jeans
Valid item: men's slim jeans
Invalid item: regular fit cotton lycra blend black jeans
Valid item: jogger jeans for men || men jogger jeans || stylish jogger jeans for men || men jogger jeans regular fit ||men's relaxed stretch jogger jeans
Invalid item: slim fit black jeans
Valid item: 512 men's tapered fit jeans
Valid item: men tapered jeans
Valid item: men's 512 slim tapered fit mid rise stretchable jeans
Valid item: men regular fit jeans
Invalid item: 
Valid items: 65/71
Valid item percentage: 91.54929577464789%
]]></system-out>
    <system-err><![CDATA[Jan 12, 2025 7:14:48 PM org.openqa.selenium.devtools.CdpVersionFinder findNearestMatch
WARNING: Unable to find an exact match for CDP version 131, returning the closest version; found: 130; Please update to a Selenium version that supports CDP version 131
]]></system-err>
  </testcase>
  <testcase name="test_details_price_reviews_description" classname="packagemaven.Project_Maven.Test07" time="9.015">
    <system-out><![CDATA[Product Title: Samsung Galaxy S23 Ultra 5G AI Smartphone (Cream, 12GB, 256GB Storage)
Product Price: -50%
₹74,999
Product Rating: 4.5 out of 5
Product Description: About this item
Experience the power of Galaxy AI with S23 Ultra to effortlessly perfect your photos with Photo Assist, communicate quickly outside your language with Live Translate or pick the right tone with Chat Assist, Galaxy AI makes your memories brighter, your communication easier and your tone nicer and let you sail through the life effortlessly, just like that!
200MP. Wow-worthy resolution - Resolution on the Wide-angle Camera has nearly doubled, delivering strikingly clear photos. Zoom and crop your shots for a whole new view — or leave it intact for brilliant detail, corner to corner.
Power for those who don't pause - Your quest for epic mobile gaming is over. Snapdragon 8 Gen 2 Mobile Platform for Galaxy optimizes and streamlines your device for silky smooth games — without draining the battery.
Note's signature tool comes built in - The built-in S Pen keeps the legacy of Note alive. Plus, it helps you ditch the dependency on notebooks, making sketches and jotting notes effortless and eco-friendly.
More innovation, less footprint – Galaxy S23 Ultra's striking symmetrical design returns with one major difference: recycled and eco-conscious materials. From the metal frame to the glass finish, it's polished with fresh new colors inspired by nature.
› See more product details
Product Title: Samsung Galaxy S23 Ultra 5G AI Smartphone (Cream, 12GB, 256GB Storage)
Product Price: -50%
₹74,999
Product Rating: 4.5 out of 5
Product Description: About this item
Experience the power of Galaxy AI with S23 Ultra to effortlessly perfect your photos with Photo Assist, communicate quickly outside your language with Live Translate or pick the right tone with Chat Assist, Galaxy AI makes your memories brighter, your communication easier and your tone nicer and let you sail through the life effortlessly, just like that!
200MP. Wow-worthy resolution - Resolution on the Wide-angle Camera has nearly doubled, delivering strikingly clear photos. Zoom and crop your shots for a whole new view — or leave it intact for brilliant detail, corner to corner.
Power for those who don't pause - Your quest for epic mobile gaming is over. Snapdragon 8 Gen 2 Mobile Platform for Galaxy optimizes and streamlines your device for silky smooth games — without draining the battery.
Note's signature tool comes built in - The built-in S Pen keeps the legacy of Note alive. Plus, it helps you ditch the dependency on notebooks, making sketches and jotting notes effortless and eco-friendly.
More innovation, less footprint – Galaxy S23 Ultra's striking symmetrical design returns with one major difference: recycled and eco-conscious materials. From the metal frame to the glass finish, it's polished with fresh new colors inspired by nature.
› See more product details
]]></system-out>
    <system-err><![CDATA[Jan 12, 2025 7:15:02 PM org.openqa.selenium.devtools.CdpVersionFinder findNearestMatch
WARNING: Unable to find an exact match for CDP version 131, returning the closest version; found: 130; Please update to a Selenium version that supports CDP version 131
]]></system-err>
  </testcase>
  <testcase name="sort_by_price_low_to_high" classname="packagemaven.Project_Maven.Test08" time="7.842">
    <system-out><![CDATA[₹42,055
₹44,999
₹50,999
₹50,999
₹51,400
₹51,500
₹51,925
₹52,999
₹56,979
₹57,699
₹59,494
₹59,550
₹59,999
₹57,999
₹64,490
₹74,999
]]></system-out>
    <system-err><![CDATA[Jan 12, 2025 7:15:18 PM org.openqa.selenium.devtools.CdpVersionFinder findNearestMatch
WARNING: Unable to find an exact match for CDP version 131, returning the closest version; found: 130; Please update to a Selenium version that supports CDP version 131
]]></system-err>
  </testcase>
  <testcase name="Add_to_Wishlist_Add_to_Cart" classname="packagemaven.Project_Maven.Test09" time="52.936">
    <system-out><![CDATA[items added in cart matches 
]]></system-out>
    <system-err><![CDATA[Jan 12, 2025 7:15:34 PM org.openqa.selenium.devtools.CdpVersionFinder findNearestMatch
WARNING: Unable to find an exact match for CDP version 131, returning the closest version; found: 130; Please update to a Selenium version that supports CDP version 131
]]></system-err>
  </testcase>
  <testcase name="check_update_quantities_remove_add_to_cart" classname="packagemaven.Project_Maven.Test10" time="46.508">
    <system-out><![CDATA[items added in cart matches 
2
 product quantity icremented
]]></system-out>
    <system-err><![CDATA[Jan 12, 2025 7:16:36 PM org.openqa.selenium.devtools.CdpVersionFinder findNearestMatch
WARNING: Unable to find an exact match for CDP version 131, returning the closest version; found: 130; Please update to a Selenium version that supports CDP version 131
]]></system-err>
  </testcase>
  <testcase name="give_five_star_rating" classname="packagemaven.Project_Maven.Test14" time="23.591">
    <system-err><![CDATA[Jan 12, 2025 7:17:33 PM org.openqa.selenium.devtools.CdpVersionFinder findNearestMatch
WARNING: Unable to find an exact match for CDP version 131, returning the closest version; found: 130; Please update to a Selenium version that supports CDP version 131
]]></system-err>
  </testcase>
  <testcase name="add_to_cart_without_login" classname="packagemaven.Project_Maven.Test15" time="19.71">
    <system-out><![CDATA[items added in cart matches 
]]></system-out>
    <system-err><![CDATA[Jan 12, 2025 7:18:04 PM org.openqa.selenium.devtools.CdpVersionFinder findNearestMatch
WARNING: Unable to find an exact match for CDP version 131, returning the closest version; found: 130; Please update to a Selenium version that supports CDP version 131
]]></system-err>
  </testcase>
</testsuite>