<?xml version="1.0" encoding="UTF-8"?>
<testng-results ignored="0" total="11" passed="11" failed="0" skipped="0">
  <reporter-output>
    <line>
      <![CDATA[Test case is started]]>
    </line>
    <line>
      <![CDATA[Test case is  passed]]>
    </line>
    <line>
      <![CDATA[Test case is started]]>
    </line>
    <line>
      <![CDATA[Test case is  passed]]>
    </line>
    <line>
      <![CDATA[Test case is started]]>
    </line>
    <line>
      <![CDATA[Test case is  passed]]>
    </line>
    <line>
      <![CDATA[Test case is started]]>
    </line>
    <line>
      <![CDATA[Test case is  passed]]>
    </line>
    <line>
      <![CDATA[Test case is started]]>
    </line>
    <line>
      <![CDATA[Test case is  passed]]>
    </line>
    <line>
      <![CDATA[Test case is started]]>
    </line>
    <line>
      <![CDATA[Test case is  passed]]>
    </line>
    <line>
      <![CDATA[Test case is started]]>
    </line>
    <line>
      <![CDATA[Test case is  passed]]>
    </line>
    <line>
      <![CDATA[Test case is started]]>
    </line>
    <line>
      <![CDATA[Test case is  passed]]>
    </line>
    <line>
      <![CDATA[Test case is started]]>
    </line>
    <line>
      <![CDATA[Test case is  passed]]>
    </line>
    <line>
      <![CDATA[Test case is started]]>
    </line>
    <line>
      <![CDATA[Test case is  passed]]>
    </line>
    <line>
      <![CDATA[Test case is started]]>
    </line>
    <line>
      <![CDATA[Test case is  passed]]>
    </line>
  </reporter-output>
  <suite started-at="2025-01-12T19:13:23 IST" name="Suite" finished-at="2025-01-12T19:18:29 IST" duration-ms="306255">
    <groups>
    </groups>
    <test started-at="2025-01-12T19:13:23 IST" name="Testing on edge" finished-at="2025-01-12T19:18:29 IST" duration-ms="306255">
      <class name="packagemaven.Project_Maven.Test10">
        <test-method is-config="true" signature="launch(java.lang.String)[pri:0, instance:packagemaven.Project_Maven.Test10@799f10e1]" started-at="2025-01-12T19:16:34 IST" name="launch" finished-at="2025-01-12T19:16:40 IST" duration-ms="6430" status="PASS">
          <params>
            <param index="0">
              <value>
                <![CDATA[edge]]>
              </value>
            </param>
          </params>
          <reporter-output>
          </reporter-output>
        </test-method> <!-- launch -->
        <test-method signature="check_update_quantities_remove_add_to_cart()[pri:0, instance:packagemaven.Project_Maven.Test10@799f10e1]" started-at="2025-01-12T19:16:40 IST" name="check_update_quantities_remove_add_to_cart" finished-at="2025-01-12T19:17:26 IST" duration-ms="46509" status="PASS">
          <reporter-output>
            <line>
              <![CDATA[Test case is started]]>
            </line>
            <line>
              <![CDATA[Test case is  passed]]>
            </line>
          </reporter-output>
        </test-method> <!-- check_update_quantities_remove_add_to_cart -->
        <test-method is-config="true" signature="quit()[pri:0, instance:packagemaven.Project_Maven.Test10@799f10e1]" started-at="2025-01-12T19:17:26 IST" name="quit" finished-at="2025-01-12T19:17:30 IST" duration-ms="3401" status="PASS">
          <reporter-output>
          </reporter-output>
        </test-method> <!-- quit -->
      </class> <!-- packagemaven.Project_Maven.Test10 -->
      <class name="packagemaven.Project_Maven.Test14">
        <test-method is-config="true" signature="launch(java.lang.String)[pri:0, instance:packagemaven.Project_Maven.Test14@4c371370]" started-at="2025-01-12T19:17:30 IST" name="launch" finished-at="2025-01-12T19:17:34 IST" duration-ms="4512" status="PASS">
          <params>
            <param index="0">
              <value>
                <![CDATA[edge]]>
              </value>
            </param>
          </params>
          <reporter-output>
          </reporter-output>
        </test-method> <!-- launch -->
        <test-method signature="give_five_star_rating()[pri:0, instance:packagemaven.Project_Maven.Test14@4c371370]" started-at="2025-01-12T19:17:34 IST" name="give_five_star_rating" finished-at="2025-01-12T19:17:58 IST" duration-ms="23595" status="PASS">
          <reporter-output>
            <line>
              <![CDATA[Test case is started]]>
            </line>
            <line>
              <![CDATA[Test case is  passed]]>
            </line>
          </reporter-output>
        </test-method> <!-- give_five_star_rating -->
        <test-method is-config="true" signature="quit()[pri:0, instance:packagemaven.Project_Maven.Test14@4c371370]" started-at="2025-01-12T19:17:58 IST" name="quit" finished-at="2025-01-12T19:18:01 IST" duration-ms="3349" status="PASS">
          <reporter-output>
          </reporter-output>
        </test-method> <!-- quit -->
      </class> <!-- packagemaven.Project_Maven.Test14 -->
      <class name="packagemaven.Project_Maven.Test02">
        <test-method is-config="true" signature="launch(java.lang.String)[pri:0, instance:packagemaven.Project_Maven.Test02@49e53c76]" started-at="2025-01-12T19:13:42 IST" name="launch" finished-at="2025-01-12T19:13:47 IST" duration-ms="5339" status="PASS">
          <params>
            <param index="0">
              <value>
                <![CDATA[edge]]>
              </value>
            </param>
          </params>
          <reporter-output>
          </reporter-output>
        </test-method> <!-- launch -->
        <test-method signature="login_to_amazon()[pri:0, instance:packagemaven.Project_Maven.Test02@49e53c76]" started-at="2025-01-12T19:13:47 IST" name="login_to_amazon" finished-at="2025-01-12T19:13:54 IST" duration-ms="6597" status="PASS">
          <reporter-output>
            <line>
              <![CDATA[Test case is started]]>
            </line>
            <line>
              <![CDATA[Test case is  passed]]>
            </line>
          </reporter-output>
        </test-method> <!-- login_to_amazon -->
        <test-method is-config="true" signature="quit()[pri:0, instance:packagemaven.Project_Maven.Test02@49e53c76]" started-at="2025-01-12T19:13:54 IST" name="quit" finished-at="2025-01-12T19:13:57 IST" duration-ms="3349" status="PASS">
          <reporter-output>
          </reporter-output>
        </test-method> <!-- quit -->
      </class> <!-- packagemaven.Project_Maven.Test02 -->
      <class name="packagemaven.Project_Maven.Test01">
        <test-method is-config="true" signature="launch(java.lang.String)[pri:0, instance:packagemaven.Project_Maven.Test01@2d7275fc]" started-at="2025-01-12T19:13:23 IST" name="launch" finished-at="2025-01-12T19:13:29 IST" duration-ms="6004" status="PASS">
          <params>
            <param index="0">
              <value>
                <![CDATA[edge]]>
              </value>
            </param>
          </params>
          <reporter-output>
          </reporter-output>
        </test-method> <!-- launch -->
        <test-method signature="registration()[pri:0, instance:packagemaven.Project_Maven.Test01@2d7275fc]" started-at="2025-01-12T19:13:29 IST" name="registration" finished-at="2025-01-12T19:13:38 IST" duration-ms="9488" status="PASS">
          <reporter-output>
            <line>
              <![CDATA[Test case is started]]>
            </line>
            <line>
              <![CDATA[Test case is  passed]]>
            </line>
          </reporter-output>
        </test-method> <!-- registration -->
        <test-method is-config="true" signature="quit()[pri:0, instance:packagemaven.Project_Maven.Test01@2d7275fc]" started-at="2025-01-12T19:13:38 IST" name="quit" finished-at="2025-01-12T19:13:42 IST" duration-ms="3373" status="PASS">
          <reporter-output>
          </reporter-output>
        </test-method> <!-- quit -->
      </class> <!-- packagemaven.Project_Maven.Test01 -->
      <class name="packagemaven.Project_Maven.Test07">
        <test-method is-config="true" signature="launch(java.lang.String)[pri:0, instance:packagemaven.Project_Maven.Test07@35d019a3]" started-at="2025-01-12T19:14:59 IST" name="launch" finished-at="2025-01-12T19:15:03 IST" duration-ms="4308" status="PASS">
          <params>
            <param index="0">
              <value>
                <![CDATA[edge]]>
              </value>
            </param>
          </params>
          <reporter-output>
          </reporter-output>
        </test-method> <!-- launch -->
        <test-method signature="test_details_price_reviews_description()[pri:0, instance:packagemaven.Project_Maven.Test07@35d019a3]" started-at="2025-01-12T19:15:03 IST" name="test_details_price_reviews_description" finished-at="2025-01-12T19:15:12 IST" duration-ms="9014" status="PASS">
          <reporter-output>
            <line>
              <![CDATA[Test case is started]]>
            </line>
            <line>
              <![CDATA[Test case is  passed]]>
            </line>
          </reporter-output>
        </test-method> <!-- test_details_price_reviews_description -->
        <test-method is-config="true" signature="quit()[pri:0, instance:packagemaven.Project_Maven.Test07@35d019a3]" started-at="2025-01-12T19:15:12 IST" name="quit" finished-at="2025-01-12T19:15:16 IST" duration-ms="3339" status="PASS">
          <reporter-output>
          </reporter-output>
        </test-method> <!-- quit -->
      </class> <!-- packagemaven.Project_Maven.Test07 -->
      <class name="packagemaven.Project_Maven.Test06">
        <test-method is-config="true" signature="launch(java.lang.String)[pri:0, instance:packagemaven.Project_Maven.Test06@55b699ef]" started-at="2025-01-12T19:14:46 IST" name="launch" finished-at="2025-01-12T19:14:50 IST" duration-ms="4587" status="PASS">
          <params>
            <param index="0">
              <value>
                <![CDATA[edge]]>
              </value>
            </param>
          </params>
          <reporter-output>
          </reporter-output>
        </test-method> <!-- launch -->
        <test-method signature="verify_searching_with_filters_category_price_range()[pri:0, instance:packagemaven.Project_Maven.Test06@55b699ef]" started-at="2025-01-12T19:14:50 IST" name="verify_searching_with_filters_category_price_range" finished-at="2025-01-12T19:14:56 IST" duration-ms="5364" status="PASS">
          <reporter-output>
            <line>
              <![CDATA[Test case is started]]>
            </line>
            <line>
              <![CDATA[Test case is  passed]]>
            </line>
          </reporter-output>
        </test-method> <!-- verify_searching_with_filters_category_price_range -->
        <test-method is-config="true" signature="quit()[pri:0, instance:packagemaven.Project_Maven.Test06@55b699ef]" started-at="2025-01-12T19:14:56 IST" name="quit" finished-at="2025-01-12T19:14:59 IST" duration-ms="3403" status="PASS">
          <reporter-output>
          </reporter-output>
        </test-method> <!-- quit -->
      </class> <!-- packagemaven.Project_Maven.Test06 -->
      <class name="packagemaven.Project_Maven.Test05">
        <test-method is-config="true" signature="launch(java.lang.String)[pri:0, instance:packagemaven.Project_Maven.Test05@2a3b5b47]" started-at="2025-01-12T19:14:23 IST" name="launch" finished-at="2025-01-12T19:14:29 IST" duration-ms="6238" status="PASS">
          <params>
            <param index="0">
              <value>
                <![CDATA[edge]]>
              </value>
            </param>
          </params>
          <reporter-output>
          </reporter-output>
        </test-method> <!-- launch -->
        <test-method signature="login_to_amazon_search_a_product()[pri:0, instance:packagemaven.Project_Maven.Test05@2a3b5b47]" started-at="2025-01-12T19:14:29 IST" name="login_to_amazon_search_a_product" finished-at="2025-01-12T19:14:42 IST" duration-ms="13170" status="PASS">
          <reporter-output>
            <line>
              <![CDATA[Test case is started]]>
            </line>
            <line>
              <![CDATA[Test case is  passed]]>
            </line>
          </reporter-output>
        </test-method> <!-- login_to_amazon_search_a_product -->
        <test-method is-config="true" signature="quit()[pri:0, instance:packagemaven.Project_Maven.Test05@2a3b5b47]" started-at="2025-01-12T19:14:42 IST" name="quit" finished-at="2025-01-12T19:14:46 IST" duration-ms="3324" status="PASS">
          <reporter-output>
          </reporter-output>
        </test-method> <!-- quit -->
      </class> <!-- packagemaven.Project_Maven.Test05 -->
      <class name="packagemaven.Project_Maven.Test15">
        <test-method is-config="true" signature="launch(java.lang.String)[pri:0, instance:packagemaven.Project_Maven.Test15@145f66e3]" started-at="2025-01-12T19:18:01 IST" name="launch" finished-at="2025-01-12T19:18:06 IST" duration-ms="4597" status="PASS">
          <params>
            <param index="0">
              <value>
                <![CDATA[edge]]>
              </value>
            </param>
          </params>
          <reporter-output>
          </reporter-output>
        </test-method> <!-- launch -->
        <test-method signature="add_to_cart_without_login()[pri:0, instance:packagemaven.Project_Maven.Test15@145f66e3]" started-at="2025-01-12T19:18:06 IST" name="add_to_cart_without_login" finished-at="2025-01-12T19:18:26 IST" duration-ms="19708" status="PASS">
          <reporter-output>
            <line>
              <![CDATA[Test case is started]]>
            </line>
            <line>
              <![CDATA[Test case is  passed]]>
            </line>
          </reporter-output>
        </test-method> <!-- add_to_cart_without_login -->
        <test-method is-config="true" signature="quit()[pri:0, instance:packagemaven.Project_Maven.Test15@145f66e3]" started-at="2025-01-12T19:18:26 IST" name="quit" finished-at="2025-01-12T19:18:29 IST" duration-ms="3370" status="PASS">
          <reporter-output>
          </reporter-output>
        </test-method> <!-- quit -->
      </class> <!-- packagemaven.Project_Maven.Test15 -->
      <class name="packagemaven.Project_Maven.Test04">
        <test-method is-config="true" signature="launch(java.lang.String)[pri:0, instance:packagemaven.Project_Maven.Test04@351d00c0]" started-at="2025-01-12T19:13:57 IST" name="launch" finished-at="2025-01-12T19:14:01 IST" duration-ms="4217" status="PASS">
          <params>
            <param index="0">
              <value>
                <![CDATA[edge]]>
              </value>
            </param>
          </params>
          <reporter-output>
          </reporter-output>
        </test-method> <!-- launch -->
        <test-method signature="verify_user_info_edit()[pri:0, instance:packagemaven.Project_Maven.Test04@351d00c0]" started-at="2025-01-12T19:14:01 IST" name="verify_user_info_edit" finished-at="2025-01-12T19:14:19 IST" duration-ms="18347" status="PASS">
          <reporter-output>
            <line>
              <![CDATA[Test case is started]]>
            </line>
            <line>
              <![CDATA[Test case is  passed]]>
            </line>
          </reporter-output>
        </test-method> <!-- verify_user_info_edit -->
        <test-method is-config="true" signature="quit()[pri:0, instance:packagemaven.Project_Maven.Test04@351d00c0]" started-at="2025-01-12T19:14:19 IST" name="quit" finished-at="2025-01-12T19:14:23 IST" duration-ms="3346" status="PASS">
          <reporter-output>
          </reporter-output>
        </test-method> <!-- quit -->
      </class> <!-- packagemaven.Project_Maven.Test04 -->
      <class name="packagemaven.Project_Maven.Test09">
        <test-method is-config="true" signature="launch(java.lang.String)[pri:0, instance:packagemaven.Project_Maven.Test09@18078bef]" started-at="2025-01-12T19:15:32 IST" name="launch" finished-at="2025-01-12T19:15:37 IST" duration-ms="5701" status="PASS">
          <params>
            <param index="0">
              <value>
                <![CDATA[edge]]>
              </value>
            </param>
          </params>
          <reporter-output>
          </reporter-output>
        </test-method> <!-- launch -->
        <test-method signature="Add_to_Wishlist_Add_to_Cart()[pri:0, instance:packagemaven.Project_Maven.Test09@18078bef]" started-at="2025-01-12T19:15:37 IST" name="Add_to_Wishlist_Add_to_Cart" finished-at="2025-01-12T19:16:30 IST" duration-ms="52944" status="PASS">
          <reporter-output>
            <line>
              <![CDATA[Test case is started]]>
            </line>
            <line>
              <![CDATA[Test case is  passed]]>
            </line>
          </reporter-output>
        </test-method> <!-- Add_to_Wishlist_Add_to_Cart -->
        <test-method is-config="true" signature="quit()[pri:0, instance:packagemaven.Project_Maven.Test09@18078bef]" started-at="2025-01-12T19:16:30 IST" name="quit" finished-at="2025-01-12T19:16:34 IST" duration-ms="3354" status="PASS">
          <reporter-output>
          </reporter-output>
        </test-method> <!-- quit -->
      </class> <!-- packagemaven.Project_Maven.Test09 -->
      <class name="packagemaven.Project_Maven.Test08">
        <test-method is-config="true" signature="launch(java.lang.String)[pri:0, instance:packagemaven.Project_Maven.Test08@689604d9]" started-at="2025-01-12T19:15:16 IST" name="launch" finished-at="2025-01-12T19:15:20 IST" duration-ms="4732" status="PASS">
          <params>
            <param index="0">
              <value>
                <![CDATA[edge]]>
              </value>
            </param>
          </params>
          <reporter-output>
          </reporter-output>
        </test-method> <!-- launch -->
        <test-method signature="sort_by_price_low_to_high()[pri:0, instance:packagemaven.Project_Maven.Test08@689604d9]" started-at="2025-01-12T19:15:20 IST" name="sort_by_price_low_to_high" finished-at="2025-01-12T19:15:28 IST" duration-ms="7842" status="PASS">
          <reporter-output>
            <line>
              <![CDATA[Test case is started]]>
            </line>
            <line>
              <![CDATA[Test case is  passed]]>
            </line>
          </reporter-output>
        </test-method> <!-- sort_by_price_low_to_high -->
        <test-method is-config="true" signature="quit()[pri:0, instance:packagemaven.Project_Maven.Test08@689604d9]" started-at="2025-01-12T19:15:28 IST" name="quit" finished-at="2025-01-12T19:15:32 IST" duration-ms="3332" status="PASS">
          <reporter-output>
          </reporter-output>
        </test-method> <!-- quit -->
      </class> <!-- packagemaven.Project_Maven.Test08 -->
    </test> <!-- Testing on edge -->
  </suite> <!-- Suite -->
</testng-results>
